<?xml version="1.0" encoding="UTF-8"?>
<!-- Generated by org.testng.reporters.JUnitReportReporter -->
<testsuite hostname="LAPTOP-1STCPRVI" failures="0" tests="3" name="Test2.test.PaymentTest" time="0.007" errors="0" timestamp="2023-01-10T10:47:39 IST" skipped="0">
  <testcase classname="Test2.test.PaymentTest" name="creditCardPament" time="0.003"/>
  <system-out/>
  <testcase classname="Test2.test.PaymentTest" name="upiPayment" time="0.001"/>
  <system-out/>
  <testcase classname="Test2.test.PaymentTest" name="netBanking" time="0.003"/>
  <system-out/>
</testsuite> <!-- Test2.test.PaymentTest -->
