<?xml version="1.0" encoding="UTF-8"?>
<!-- Generated by org.testng.reporters.JUnitReportReporter -->
<testsuite hostname="LAPTOP-1STCPRVI" failures="0" tests="3" name="TestNgDemo.Test.HomeTest" time="0.021" errors="0" timestamp="2023-01-12T11:12:53 IST" skipped="0">
  <testcase classname="TestNgDemo.Test.HomeTest" name="checkforLinks" time="0.010"/>
  <system-out/>
  <testcase classname="TestNgDemo.Test.HomeTest" name="addtoCart" time="0.010"/>
  <system-out/>
  <testcase classname="TestNgDemo.Test.HomeTest" name="verifySearchbar" time="0.001"/>
  <system-out/>
</testsuite> <!-- TestNgDemo.Test.HomeTest -->
