<?xml version="1.0" encoding="UTF-8"?>
<!-- Generated by org.testng.reporters.JUnitReportReporter -->
<testsuite hostname="LAPTOP-1STCPRVI" failures="0" tests="2" name="TestNgDemo.Test.ParametDemo" time="0.007" errors="0" timestamp="2023-01-11T10:41:57 IST" skipped="0">
  <testcase classname="TestNgDemo.Test.ParametDemo" name="SetLanguage" time="0.001"/>
  <system-out/>
  <testcase classname="TestNgDemo.Test.ParametDemo" name="SetCountry" time="0.006"/>
  <system-out/>
</testsuite> <!-- TestNgDemo.Test.ParametDemo -->
