<?xml version="1.0" encoding="UTF-8"?>
<!-- Generated by org.testng.reporters.JUnitReportReporter -->
<testsuite hostname="LAPTOP-1STCPRVI" failures="0" tests="2" name="TestNgDemo.Test.LoginTest" time="0.008" errors="0" timestamp="2023-01-10T11:11:09 IST" skipped="0">
  <testcase classname="TestNgDemo.Test.LoginTest" name="verifyprocess" time="0.001"/>
  <system-out/>
  <testcase classname="TestNgDemo.Test.LoginTest" name="verifylogin" time="0.007"/>
  <system-out/>
</testsuite> <!-- TestNgDemo.Test.LoginTest -->
