<?xml version="1.0" encoding="UTF-8"?>
<!-- Generated by org.testng.reporters.JUnitReportReporter -->
<testsuite hostname="LAPTOP-1STCPRVI" failures="0" tests="1" name="TestNgDemo.Test.LoginTest1" time="0.003" errors="0" timestamp="2023-01-10T10:47:39 IST" skipped="0">
  <testcase classname="TestNgDemo.Test.LoginTest1" name="verifyEmail" time="0.003"/>
  <system-out/>
</testsuite> <!-- TestNgDemo.Test.LoginTest1 -->
