<?xml version="1.0" encoding="UTF-8"?>
<!-- Generated by org.testng.reporters.JUnitReportReporter -->
<testsuite hostname="LAPTOP-1STCPRVI" failures="0" tests="1" name="TestNgDemo.Test.AllAnnoatations" time="0.009" errors="0" timestamp="2023-01-11T19:55:13 IST" skipped="0">
  <testcase classname="TestNgDemo.Test.AllAnnoatations" name="TestCase1" time="0.009"/>
  <system-out/>
</testsuite> <!-- TestNgDemo.Test.AllAnnoatations -->
