<?xml version="1.0" encoding="UTF-8"?>
<!-- Generated by org.testng.reporters.JUnitReportReporter -->
<testsuite hostname="LAPTOP-1STCPRVI" failures="0" tests="1" name="TestNgDemo.Test.Test1" time="0.008" errors="0" timestamp="2023-01-09T11:27:11 IST" skipped="0">
  <testcase classname="TestNgDemo.Test.Test1" name="verifylogin" time="0.008"/>
  <system-out/>
</testsuite> <!-- TestNgDemo.Test.Test1 -->
