<?xml version="1.0" encoding="UTF-8"?>
<!-- Generated by org.testng.reporters.JUnitReportReporter -->
<testsuite hostname="LAPTOP-1STCPRVI" failures="0" tests="1" name="DEMOTEST1.Test.ALLANOTATIONSWRK" time="0.030" errors="0" timestamp="2023-01-12T10:20:16 IST" skipped="0">
  <testcase classname="DEMOTEST1.Test.ALLANOTATIONSWRK" name="AmazonLogin" time="0.030"/>
  <system-out/>
</testsuite> <!-- DEMOTEST1.Test.ALLANOTATIONSWRK -->
